# JRE version: Java(TM) SE Runtime Environment (9.0+11) (build 9.0.1+11)
# Java VM: Java HotSpot(TM) 64-Bit Server VM (9.0.1+11, mixed mode, tiered, compressed oops, g1 gc, windows-amd64)
Heap:
 garbage-first heap   total 262144K, used 93128K [0x00000006c1a00000, 0x00000006c1b00800, 0x00000007c0000000)
  region size 1024K, 70 young (71680K), 17 survivors (17408K)
 Metaspace       used 51678K, capacity 55240K, committed 55376K, reserved 1097728K
  class space    used 6292K, capacity 6902K, committed 6992K, reserved 1048576K
GC Heap History (10 events):
Event: 6.451 GC heap before
{Heap before GC invocations=5 (full 0):
 garbage-first heap   total 262144K, used 163751K [0x00000006c1a00000, 0x00000006c1b00800, 0x00000007c0000000)
  region size 1024K, 153 young (156672K), 5 survivors (5120K)
 Metaspace       used 33193K, capacity 34960K, committed 35072K, reserved 1079296K
  class space    used 3879K, capacity 4240K, committed 4352K, reserved 1048576K
}
Event: 6.469 GC heap after
{Heap after GC invocations=6 (full 0):
 garbage-first heap   total 262144K, used 27113K [0x00000006c1a00000, 0x00000006c1b00800, 0x00000007c0000000)
  region size 1024K, 20 young (20480K), 20 survivors (20480K)
 Metaspace       used 33193K, capacity 34960K, committed 35072K, reserved 1079296K
  class space    used 3879K, capacity 4240K, committed 4352K, reserved 1048576K
}
Event: 6.562 GC heap before
{Heap before GC invocations=6 (full 0):
 garbage-first heap   total 262144K, used 36329K [0x00000006c1a00000, 0x00000006c1b00800, 0x00000007c0000000)
  region size 1024K, 30 young (30720K), 20 survivors (20480K)
 Metaspace       used 34006K, capacity 35808K, committed 35920K, reserved 1081344K
  class space    used 3989K, capacity 4370K, committed 4432K, reserved 1048576K
}
Event: 6.571 GC heap after
{Heap after GC invocations=7 (full 0):
 garbage-first heap   total 262144K, used 18918K [0x00000006c1a00000, 0x00000006c1b00800, 0x00000007c0000000)
  region size 1024K, 4 young (4096K), 4 survivors (4096K)
 Metaspace       used 34006K, capacity 35808K, committed 35920K, reserved 1081344K
  class space    used 3989K, capacity 4370K, committed 4432K, reserved 1048576K
}
Event: 8.306 GC heap before
{Heap before GC invocations=8 (full 0):
 garbage-first heap   total 262144K, used 171494K [0x00000006c1a00000, 0x00000006c1b00800, 0x00000007c0000000)
  region size 1024K, 153 young (156672K), 4 survivors (4096K)
 Metaspace       used 41761K, capacity 44518K, committed 44624K, reserved 1089536K
  class space    used 4981K, capacity 5453K, committed 5456K, reserved 1048576K
}
Event: 8.315 GC heap after
{Heap after GC invocations=9 (full 0):
 garbage-first heap   total 262144K, used 28805K [0x00000006c1a00000, 0x00000006c1b00800, 0x00000007c0000000)
  region size 1024K, 13 young (13312K), 13 survivors (13312K)
 Metaspace       used 41761K, capacity 44518K, committed 44624K, reserved 1089536K
  class space    used 4981K, capacity 5453K, committed 5456K, reserved 1048576K
}
Event: 9.507 GC heap before
{Heap before GC invocations=9 (full 0):
 garbage-first heap   total 262144K, used 172165K [0x00000006c1a00000, 0x00000006c1b00800, 0x00000007c0000000)
  region size 1024K, 153 young (156672K), 13 survivors (13312K)
 Metaspace       used 46049K, capacity 49344K, committed 49488K, reserved 1093632K
  class space    used 5624K, capacity 6172K, committed 6224K, reserved 1048576K
}
Event: 9.524 GC heap after
{Heap after GC invocations=10 (full 0):
 garbage-first heap   total 262144K, used 32765K [0x00000006c1a00000, 0x00000006c1b00800, 0x00000007c0000000)
  region size 1024K, 10 young (10240K), 10 survivors (10240K)
 Metaspace       used 46049K, capacity 49344K, committed 49488K, reserved 1093632K
  class space    used 5624K, capacity 6172K, committed 6224K, reserved 1048576K
}
Event: 26.877 GC heap before
{Heap before GC invocations=10 (full 0):
 garbage-first heap   total 262144K, used 179197K [0x00000006c1a00000, 0x00000006c1b00800, 0x00000007c0000000)
  region size 1024K, 153 young (156672K), 10 survivors (10240K)
 Metaspace       used 51300K, capacity 54874K, committed 55120K, reserved 1097728K
  class space    used 6267K, capacity 6869K, committed 6992K, reserved 1048576K
}
Event: 26.890 GC heap after
{Heap after GC invocations=11 (full 0):
 garbage-first heap   total 262144K, used 39880K [0x00000006c1a00000, 0x00000006c1b00800, 0x00000007c0000000)
  region size 1024K, 17 young (17408K), 17 survivors (17408K)
 Metaspace       used 51300K, capacity 54874K, committed 55120K, reserved 1097728K
  class space    used 6267K, capacity 6869K, committed 6992K, reserved 1048576K
}

