# JRE version: Java(TM) SE Runtime Environment (9.0+11) (build 9.0.1+11)
# Java VM: Java HotSpot(TM) 64-Bit Server VM (9.0.1+11, mixed mode, tiered, compressed oops, g1 gc, windows-amd64)
Heap:
 garbage-first heap   total 315392K, used 121271K [0x00000006c1a00000, 0x00000006c1b009a0, 0x00000007c0000000)
  region size 1024K, 98 young (100352K), 13 survivors (13312K)
 Metaspace       used 51029K, capacity 54572K, committed 54736K, reserved 1097728K
  class space    used 6215K, capacity 6834K, committed 6864K, reserved 1048576K
GC Heap History (10 events):
Event: 3.228 GC heap before
{Heap before GC invocations=3 (full 0):
 garbage-first heap   total 262144K, used 26631K [0x00000006c1a00000, 0x00000006c1b00800, 0x00000007c0000000)
  region size 1024K, 20 young (20480K), 7 survivors (7168K)
 Metaspace       used 20503K, capacity 21210K, committed 21296K, reserved 1069056K
  class space    used 2213K, capacity 2376K, committed 2432K, reserved 1048576K
}
Event: 3.231 GC heap after
{Heap after GC invocations=4 (full 0):
 garbage-first heap   total 262144K, used 12146K [0x00000006c1a00000, 0x00000006c1b00800, 0x00000007c0000000)
  region size 1024K, 5 young (5120K), 5 survivors (5120K)
 Metaspace       used 20503K, capacity 21210K, committed 21296K, reserved 1069056K
  class space    used 2213K, capacity 2376K, committed 2432K, reserved 1048576K
}
Event: 4.647 GC heap before
{Heap before GC invocations=5 (full 0):
 garbage-first heap   total 262144K, used 163698K [0x00000006c1a00000, 0x00000006c1b00800, 0x00000007c0000000)
  region size 1024K, 153 young (156672K), 5 survivors (5120K)
 Metaspace       used 33193K, capacity 34956K, committed 35072K, reserved 1079296K
  class space    used 3888K, capacity 4240K, committed 4352K, reserved 1048576K
}
Event: 4.672 GC heap after
{Heap after GC invocations=6 (full 0):
 garbage-first heap   total 262144K, used 27178K [0x00000006c1a00000, 0x00000006c1b00800, 0x00000007c0000000)
  region size 1024K, 20 young (20480K), 20 survivors (20480K)
 Metaspace       used 33193K, capacity 34956K, committed 35072K, reserved 1079296K
  class space    used 3888K, capacity 4240K, committed 4352K, reserved 1048576K
}
Event: 4.770 GC heap before
{Heap before GC invocations=6 (full 0):
 garbage-first heap   total 262144K, used 36394K [0x00000006c1a00000, 0x00000006c1b00800, 0x00000007c0000000)
  region size 1024K, 30 young (30720K), 20 survivors (20480K)
 Metaspace       used 34050K, capacity 35804K, committed 35920K, reserved 1081344K
  class space    used 3996K, capacity 4370K, committed 4432K, reserved 1048576K
}
Event: 4.778 GC heap after
{Heap after GC invocations=7 (full 0):
 garbage-first heap   total 262144K, used 18871K [0x00000006c1a00000, 0x00000006c1b00800, 0x00000007c0000000)
  region size 1024K, 4 young (4096K), 4 survivors (4096K)
 Metaspace       used 34050K, capacity 35804K, committed 35920K, reserved 1081344K
  class space    used 3996K, capacity 4370K, committed 4432K, reserved 1048576K
}
Event: 6.432 GC heap before
{Heap before GC invocations=8 (full 0):
 garbage-first heap   total 262144K, used 171447K [0x00000006c1a00000, 0x00000006c1b00800, 0x00000007c0000000)
  region size 1024K, 153 young (156672K), 4 survivors (4096K)
 Metaspace       used 41745K, capacity 44518K, committed 44624K, reserved 1089536K
  class space    used 4979K, capacity 5453K, committed 5456K, reserved 1048576K
}
Event: 6.445 GC heap after
{Heap after GC invocations=9 (full 0):
 garbage-first heap   total 315392K, used 28425K [0x00000006c1a00000, 0x00000006c1b009a0, 0x00000007c0000000)
  region size 1024K, 13 young (13312K), 13 survivors (13312K)
 Metaspace       used 41745K, capacity 44518K, committed 44624K, reserved 1089536K
  class space    used 4979K, capacity 5453K, committed 5456K, reserved 1048576K
}
Event: 7.867 GC heap before
{Heap before GC invocations=9 (full 0):
 garbage-first heap   total 315392K, used 203529K [0x00000006c1a00000, 0x00000006c1b009a0, 0x00000007c0000000)
  region size 1024K, 184 young (188416K), 13 survivors (13312K)
 Metaspace       used 46643K, capacity 50046K, committed 50384K, reserved 1093632K
  class space    used 5694K, capacity 6259K, committed 6352K, reserved 1048576K
}
Event: 7.884 GC heap after
{Heap after GC invocations=10 (full 0):
 garbage-first heap   total 315392K, used 35255K [0x00000006c1a00000, 0x00000006c1b009a0, 0x00000007c0000000)
  region size 1024K, 13 young (13312K), 13 survivors (13312K)
 Metaspace       used 46643K, capacity 50046K, committed 50384K, reserved 1093632K
  class space    used 5694K, capacity 6259K, committed 6352K, reserved 1048576K
}

